{"/Users/hmarques/Developer/Testes/todoTestingLibrary/src/Components/Input/index.jsx": {"path":"/Users/hmarques/Developer/Testes/todoTestingLibrary/src/Components/Input/index.jsx","statementMap":{"0":{"start":{"line":4,"column":14},"end":{"line":26,"column":1}},"1":{"start":{"line":5,"column":28},"end":{"line":5,"column":46}},"2":{"start":{"line":7,"column":2},"end":{"line":25,"column":4}},"3":{"start":{"line":9,"column":49},"end":{"line":9,"column":61}}},"fnMap":{"0":{"name":"(anonymous_0)","decl":{"start":{"line":4,"column":14},"end":{"line":4,"column":15}},"loc":{"start":{"line":4,"column":20},"end":{"line":26,"column":1}},"line":4},"1":{"name":"(anonymous_1)","decl":{"start":{"line":9,"column":43},"end":{"line":9,"column":44}},"loc":{"start":{"line":9,"column":49},"end":{"line":9,"column":61}},"line":9}},"branchMap":{},"s":{"0":1,"1":3,"2":3,"3":1},"f":{"0":3,"1":1},"b":{},"_coverageSchema":"1a1c01bbd47fc00a2c39e90264f33305004495a9","hash":"649ea3a3c10118ed7fe4eedf568ac07f18e6b13d"}
}
